# JRE version: OpenJDK Runtime Environment (8.0_151-b12) (build 1.8.0_151-8u151-b12-0ubuntu0.16.04.2-b12)
# Java VM: OpenJDK 64-Bit Server VM (25.151-b12 mixed mode linux-amd64 compressed oops)
Heap:
 PSYoungGen      total 90112K, used 25715K [0x00000000d6f80000, 0x00000000de100000, 0x0000000100000000)
  eden space 80896K, 23% used [0x00000000d6f80000,0x00000000d8267528,0x00000000dbe80000)
  from space 9216K, 68% used [0x00000000dbe80000,0x00000000dc4b57b8,0x00000000dc780000)
  to   space 9216K, 0% used [0x00000000dd800000,0x00000000dd800000,0x00000000de100000)
 ParOldGen       total 66560K, used 26671K [0x0000000084e00000, 0x0000000088f00000, 0x00000000d6f80000)
  object space 66560K, 40% used [0x0000000084e00000,0x000000008680be08,0x0000000088f00000)
 Metaspace       used 47675K, capacity 49190K, committed 49536K, reserved 1091584K
  class space    used 6355K, capacity 6689K, committed 6784K, reserved 1048576K
GC Heap History (10 events):
Event: 56.126 GC heap before
{Heap before GC invocations=15 (full 2):
 PSYoungGen      total 53248K, used 1920K [0x00000000d6f80000, 0x00000000dc500000, 0x0000000100000000)
  eden space 43520K, 0% used [0x00000000d6f80000,0x00000000d6f80000,0x00000000d9a00000)
  from space 9728K, 19% used [0x00000000d9a00000,0x00000000d9be0000,0x00000000da380000)
  to   space 9728K, 0% used [0x00000000dbb80000,0x00000000dbb80000,0x00000000dc500000)
 ParOldGen       total 47616K, used 22202K [0x0000000084e00000, 0x0000000087c80000, 0x00000000d6f80000)
  object space 47616K, 46% used [0x0000000084e00000,0x00000000863ae8d0,0x0000000087c80000)
 Metaspace       used 34760K, capacity 35412K, committed 35496K, reserved 1079296K
  class space    used 4648K, capacity 4854K, committed 4864K, reserved 1048576K
Event: 56.303 GC heap after
Heap after GC invocations=15 (full 2):
 PSYoungGen      total 53248K, used 0K [0x00000000d6f80000, 0x00000000dc500000, 0x0000000100000000)
  eden space 43520K, 0% used [0x00000000d6f80000,0x00000000d6f80000,0x00000000d9a00000)
  from space 9728K, 0% used [0x00000000d9a00000,0x00000000d9a00000,0x00000000da380000)
  to   space 9728K, 0% used [0x00000000dbb80000,0x00000000dbb80000,0x00000000dc500000)
 ParOldGen       total 66560K, used 20130K [0x0000000084e00000, 0x0000000088f00000, 0x00000000d6f80000)
  object space 66560K, 30% used [0x0000000084e00000,0x00000000861a8b50,0x0000000088f00000)
 Metaspace       used 34760K, capacity 35412K, committed 35496K, reserved 1079296K
  class space    used 4648K, capacity 4854K, committed 4864K, reserved 1048576K
}
Event: 60.407 GC heap before
{Heap before GC invocations=16 (full 2):
 PSYoungGen      total 53248K, used 43520K [0x00000000d6f80000, 0x00000000dc500000, 0x0000000100000000)
  eden space 43520K, 100% used [0x00000000d6f80000,0x00000000d9a00000,0x00000000d9a00000)
  from space 9728K, 0% used [0x00000000d9a00000,0x00000000d9a00000,0x00000000da380000)
  to   space 9728K, 0% used [0x00000000dbb80000,0x00000000dbb80000,0x00000000dc500000)
 ParOldGen       total 66560K, used 20130K [0x0000000084e00000, 0x0000000088f00000, 0x00000000d6f80000)
  object space 66560K, 30% used [0x0000000084e00000,0x00000000861a8b50,0x0000000088f00000)
 Metaspace       used 40497K, capacity 41264K, committed 41472K, reserved 1085440K
  class space    used 5395K, capacity 5624K, committed 5632K, reserved 1048576K
Event: 60.412 GC heap after
Heap after GC invocations=16 (full 2):
 PSYoungGen      total 63488K, used 3484K [0x00000000d6f80000, 0x00000000dbf00000, 0x0000000100000000)
  eden space 59904K, 0% used [0x00000000d6f80000,0x00000000d6f80000,0x00000000daa00000)
  from space 3584K, 97% used [0x00000000dbb80000,0x00000000dbee7060,0x00000000dbf00000)
  to   space 9728K, 0% used [0x00000000dac00000,0x00000000dac00000,0x00000000db580000)
 ParOldGen       total 66560K, used 20202K [0x0000000084e00000, 0x0000000088f00000, 0x00000000d6f80000)
  object space 66560K, 30% used [0x0000000084e00000,0x00000000861bab60,0x0000000088f00000)
 Metaspace       used 40497K, capacity 41264K, committed 41472K, reserved 1085440K
  class space    used 5395K, capacity 5624K, committed 5632K, reserved 1048576K
}
Event: 61.821 GC heap before
{Heap before GC invocations=17 (full 2):
 PSYoungGen      total 63488K, used 63388K [0x00000000d6f80000, 0x00000000dbf00000, 0x0000000100000000)
  eden space 59904K, 100% used [0x00000000d6f80000,0x00000000daa00000,0x00000000daa00000)
  from space 3584K, 97% used [0x00000000dbb80000,0x00000000dbee7060,0x00000000dbf00000)
  to   space 9728K, 0% used [0x00000000dac00000,0x00000000dac00000,0x00000000db580000)
 ParOldGen       total 66560K, used 20202K [0x0000000084e00000, 0x0000000088f00000, 0x00000000d6f80000)
  object space 66560K, 30% used [0x0000000084e00000,0x00000000861bab60,0x0000000088f00000)
 Metaspace       used 41825K, capacity 42774K, committed 43008K, reserved 1087488K
  class space    used 5544K, capacity 5804K, committed 5888K, reserved 1048576K
Event: 61.831 GC heap after
Heap after GC invocations=17 (full 2):
 PSYoungGen      total 71680K, used 4383K [0x00000000d6f80000, 0x00000000dd080000, 0x0000000100000000)
  eden space 61952K, 0% used [0x00000000d6f80000,0x00000000d6f80000,0x00000000dac00000)
  from space 9728K, 45% used [0x00000000dac00000,0x00000000db047ea0,0x00000000db580000)
  to   space 9216K, 0% used [0x00000000dc780000,0x00000000dc780000,0x00000000dd080000)
 ParOldGen       total 66560K, used 21599K [0x0000000084e00000, 0x0000000088f00000, 0x00000000d6f80000)
  object space 66560K, 32% used [0x0000000084e00000,0x0000000086317d90,0x0000000088f00000)
 Metaspace       used 41825K, capacity 42774K, committed 43008K, reserved 1087488K
  class space    used 5544K, capacity 5804K, committed 5888K, reserved 1048576K
}
Event: 64.387 GC heap before
{Heap before GC invocations=18 (full 2):
 PSYoungGen      total 71680K, used 66335K [0x00000000d6f80000, 0x00000000dd080000, 0x0000000100000000)
  eden space 61952K, 100% used [0x00000000d6f80000,0x00000000dac00000,0x00000000dac00000)
  from space 9728K, 45% used [0x00000000dac00000,0x00000000db047ea0,0x00000000db580000)
  to   space 9216K, 0% used [0x00000000dc780000,0x00000000dc780000,0x00000000dd080000)
 ParOldGen       total 66560K, used 21599K [0x0000000084e00000, 0x0000000088f00000, 0x00000000d6f80000)
  object space 66560K, 32% used [0x0000000084e00000,0x0000000086317d90,0x0000000088f00000)
 Metaspace       used 44365K, capacity 45446K, committed 45696K, reserved 1089536K
  class space    used 5929K, capacity 6198K, committed 6272K, reserved 1048576K
Event: 64.408 GC heap after
Heap after GC invocations=18 (full 2):
 PSYoungGen      total 90112K, used 5229K [0x00000000d6f80000, 0x00000000dd200000, 0x0000000100000000)
  eden space 80896K, 0% used [0x00000000d6f80000,0x00000000d6f80000,0x00000000dbe80000)
  from space 9216K, 56% used [0x00000000dc780000,0x00000000dcc9b4c0,0x00000000dd080000)
  to   space 9216K, 0% used [0x00000000dbe80000,0x00000000dbe80000,0x00000000dc780000)
 ParOldGen       total 66560K, used 22891K [0x0000000084e00000, 0x0000000088f00000, 0x00000000d6f80000)
  object space 66560K, 34% used [0x0000000084e00000,0x000000008645ada0,0x0000000088f00000)
 Metaspace       used 44365K, capacity 45446K, committed 45696K, reserved 1089536K
  class space    used 5929K, capacity 6198K, committed 6272K, reserved 1048576K
}
Event: 66.353 GC heap before
{Heap before GC invocations=19 (full 2):
 PSYoungGen      total 90112K, used 86125K [0x00000000d6f80000, 0x00000000dd200000, 0x0000000100000000)
  eden space 80896K, 100% used [0x00000000d6f80000,0x00000000dbe80000,0x00000000dbe80000)
  from space 9216K, 56% used [0x00000000dc780000,0x00000000dcc9b4c0,0x00000000dd080000)
  to   space 9216K, 0% used [0x00000000dbe80000,0x00000000dbe80000,0x00000000dc780000)
 ParOldGen       total 66560K, used 22891K [0x0000000084e00000, 0x0000000088f00000, 0x00000000d6f80000)
  object space 66560K, 34% used [0x0000000084e00000,0x000000008645ada0,0x0000000088f00000)
 Metaspace       used 47501K, capacity 48838K, committed 48896K, reserved 1091584K
  class space    used 6342K, capacity 6643K, committed 6656K, reserved 1048576K
Event: 66.367 GC heap after
Heap after GC invocations=19 (full 2):
 PSYoungGen      total 90112K, used 6357K [0x00000000d6f80000, 0x00000000de100000, 0x0000000100000000)
  eden space 80896K, 0% used [0x00000000d6f80000,0x00000000d6f80000,0x00000000dbe80000)
  from space 9216K, 68% used [0x00000000dbe80000,0x00000000dc4b57b8,0x00000000dc780000)
  to   space 9216K, 0% used [0x00000000dd800000,0x00000000dd800000,0x00000000de100000)
 ParOldGen       total 66560K, used 26671K [0x0000000084e00000, 0x0000000088f00000, 0x00000000d6f80000)
  object space 66560K, 40% used [0x0000000084e00000,0x000000008680be08,0x0000000088f00000)
 Metaspace       used 47501K, capacity 48838K, committed 48896K, reserved 1091584K
  class space    used 6342K, capacity 6643K, committed 6656K, reserved 1048576K
}

