# JRE version: OpenJDK Runtime Environment (8.0_151-b12) (build 1.8.0_151-8u151-b12-0ubuntu0.16.04.2-b12)
# Java VM: OpenJDK 64-Bit Server VM (25.151-b12 mixed mode linux-amd64 compressed oops)
Heap:
 PSYoungGen      total 211456K, used 13809K [0x00000000d6f80000, 0x00000000e5380000, 0x0000000100000000)
  eden space 197632K, 0% used [0x00000000d6f80000,0x00000000d6f80000,0x00000000e3080000)
  from space 13824K, 99% used [0x00000000e4100000,0x00000000e4e7c6b0,0x00000000e4e80000)
  to   space 16896K, 0% used [0x00000000e3080000,0x00000000e3080000,0x00000000e4100000)
 ParOldGen       total 58880K, used 16639K [0x0000000084e00000, 0x0000000088780000, 0x00000000d6f80000)
  object space 58880K, 28% used [0x0000000084e00000,0x0000000085e3fdc8,0x0000000088780000)
 Metaspace       used 34683K, capacity 35340K, committed 35496K, reserved 1079296K
  class space    used 4655K, capacity 4851K, committed 4864K, reserved 1048576K
GC Heap History (10 events):
Event: 2.659 GC heap after
Heap after GC invocations=3 (full 0):
 PSYoungGen      total 68608K, used 5088K [0x00000000d6f80000, 0x00000000df580000, 0x0000000100000000)
  eden space 63488K, 0% used [0x00000000d6f80000,0x00000000d6f80000,0x00000000dad80000)
  from space 5120K, 99% used [0x00000000dad80000,0x00000000db278040,0x00000000db280000)
  to   space 5120K, 0% used [0x00000000df080000,0x00000000df080000,0x00000000df580000)
 ParOldGen       total 84992K, used 6895K [0x0000000084e00000, 0x000000008a100000, 0x00000000d6f80000)
  object space 84992K, 8% used [0x0000000084e00000,0x00000000854bbe20,0x000000008a100000)
 Metaspace       used 18938K, capacity 19208K, committed 19584K, reserved 1067008K
  class space    used 2494K, capacity 2603K, committed 2688K, reserved 1048576K
}
Event: 3.396 GC heap before
{Heap before GC invocations=4 (full 0):
 PSYoungGen      total 68608K, used 30751K [0x00000000d6f80000, 0x00000000df580000, 0x0000000100000000)
  eden space 63488K, 40% used [0x00000000d6f80000,0x00000000d888ff48,0x00000000dad80000)
  from space 5120K, 99% used [0x00000000dad80000,0x00000000db278040,0x00000000db280000)
  to   space 5120K, 0% used [0x00000000df080000,0x00000000df080000,0x00000000df580000)
 ParOldGen       total 84992K, used 6895K [0x0000000084e00000, 0x000000008a100000, 0x00000000d6f80000)
  object space 84992K, 8% used [0x0000000084e00000,0x00000000854bbe20,0x000000008a100000)
 Metaspace       used 20945K, capacity 21136K, committed 21296K, reserved 1067008K
  class space    used 2813K, capacity 2901K, committed 2944K, reserved 1048576K
Event: 3.435 GC heap after
Heap after GC invocations=4 (full 0):
 PSYoungGen      total 132096K, used 5104K [0x00000000d6f80000, 0x00000000df580000, 0x0000000100000000)
  eden space 126976K, 0% used [0x00000000d6f80000,0x00000000d6f80000,0x00000000deb80000)
  from space 5120K, 99% used [0x00000000df080000,0x00000000df57c020,0x00000000df580000)
  to   space 5120K, 0% used [0x00000000deb80000,0x00000000deb80000,0x00000000df080000)
 ParOldGen       total 84992K, used 9641K [0x0000000084e00000, 0x000000008a100000, 0x00000000d6f80000)
  object space 84992K, 11% used [0x0000000084e00000,0x000000008576a7a8,0x000000008a100000)
 Metaspace       used 20945K, capacity 21136K, committed 21296K, reserved 1067008K
  class space    used 2813K, capacity 2901K, committed 2944K, reserved 1048576K
}
Event: 3.435 GC heap before
{Heap before GC invocations=5 (full 1):
 PSYoungGen      total 132096K, used 5104K [0x00000000d6f80000, 0x00000000df580000, 0x0000000100000000)
  eden space 126976K, 0% used [0x00000000d6f80000,0x00000000d6f80000,0x00000000deb80000)
  from space 5120K, 99% used [0x00000000df080000,0x00000000df57c020,0x00000000df580000)
  to   space 5120K, 0% used [0x00000000deb80000,0x00000000deb80000,0x00000000df080000)
 ParOldGen       total 84992K, used 9641K [0x0000000084e00000, 0x000000008a100000, 0x00000000d6f80000)
  object space 84992K, 11% used [0x0000000084e00000,0x000000008576a7a8,0x000000008a100000)
 Metaspace       used 20945K, capacity 21136K, committed 21296K, reserved 1067008K
  class space    used 2813K, capacity 2901K, committed 2944K, reserved 1048576K
Event: 3.498 GC heap after
Heap after GC invocations=5 (full 1):
 PSYoungGen      total 132096K, used 0K [0x00000000d6f80000, 0x00000000df580000, 0x0000000100000000)
  eden space 126976K, 0% used [0x00000000d6f80000,0x00000000d6f80000,0x00000000deb80000)
  from space 5120K, 0% used [0x00000000df080000,0x00000000df080000,0x00000000df580000)
  to   space 5120K, 0% used [0x00000000deb80000,0x00000000deb80000,0x00000000df080000)
 ParOldGen       total 58880K, used 9253K [0x0000000084e00000, 0x0000000088780000, 0x00000000d6f80000)
  object space 58880K, 15% used [0x0000000084e00000,0x00000000857097c8,0x0000000088780000)
 Metaspace       used 20945K, capacity 21136K, committed 21296K, reserved 1067008K
  class space    used 2813K, capacity 2901K, committed 2944K, reserved 1048576K
}
Event: 9.255 GC heap before
{Heap before GC invocations=6 (full 1):
 PSYoungGen      total 132096K, used 126976K [0x00000000d6f80000, 0x00000000df580000, 0x0000000100000000)
  eden space 126976K, 100% used [0x00000000d6f80000,0x00000000deb80000,0x00000000deb80000)
  from space 5120K, 0% used [0x00000000df080000,0x00000000df080000,0x00000000df580000)
  to   space 5120K, 0% used [0x00000000deb80000,0x00000000deb80000,0x00000000df080000)
 ParOldGen       total 58880K, used 9253K [0x0000000084e00000, 0x0000000088780000, 0x00000000d6f80000)
  object space 58880K, 15% used [0x0000000084e00000,0x00000000857097c8,0x0000000088780000)
 Metaspace       used 30217K, capacity 30822K, committed 31232K, reserved 1077248K
  class space    used 4071K, capacity 4270K, committed 4352K, reserved 1048576K
Event: 9.288 GC heap after
Heap after GC invocations=6 (full 1):
 PSYoungGen      total 132096K, used 5089K [0x00000000d6f80000, 0x00000000e4e80000, 0x0000000100000000)
  eden space 126976K, 0% used [0x00000000d6f80000,0x00000000d6f80000,0x00000000deb80000)
  from space 5120K, 99% used [0x00000000deb80000,0x00000000df078608,0x00000000df080000)
  to   space 13824K, 0% used [0x00000000e4100000,0x00000000e4100000,0x00000000e4e80000)
 ParOldGen       total 58880K, used 15407K [0x0000000084e00000, 0x0000000088780000, 0x00000000d6f80000)
  object space 58880K, 26% used [0x0000000084e00000,0x0000000085d0bcd0,0x0000000088780000)
 Metaspace       used 30217K, capacity 30822K, committed 31232K, reserved 1077248K
  class space    used 4071K, capacity 4270K, committed 4352K, reserved 1048576K
}
Event: 11.552 GC heap before
{Heap before GC invocations=7 (full 1):
 PSYoungGen      total 132096K, used 110740K [0x00000000d6f80000, 0x00000000e4e80000, 0x0000000100000000)
  eden space 126976K, 83% used [0x00000000d6f80000,0x00000000dd6acaa8,0x00000000deb80000)
  from space 5120K, 99% used [0x00000000deb80000,0x00000000df078608,0x00000000df080000)
  to   space 13824K, 0% used [0x00000000e4100000,0x00000000e4100000,0x00000000e4e80000)
 ParOldGen       total 58880K, used 15407K [0x0000000084e00000, 0x0000000088780000, 0x00000000d6f80000)
  object space 58880K, 26% used [0x0000000084e00000,0x0000000085d0bcd0,0x0000000088780000)
 Metaspace       used 34683K, capacity 35340K, committed 35496K, reserved 1079296K
  class space    used 4655K, capacity 4851K, committed 4864K, reserved 1048576K
Event: 11.600 GC heap after
Heap after GC invocations=7 (full 1):
 PSYoungGen      total 211456K, used 13809K [0x00000000d6f80000, 0x00000000e5380000, 0x0000000100000000)
  eden space 197632K, 0% used [0x00000000d6f80000,0x00000000d6f80000,0x00000000e3080000)
  from space 13824K, 99% used [0x00000000e4100000,0x00000000e4e7c6b0,0x00000000e4e80000)
  to   space 16896K, 0% used [0x00000000e3080000,0x00000000e3080000,0x00000000e4100000)
 ParOldGen       total 58880K, used 16639K [0x0000000084e00000, 0x0000000088780000, 0x00000000d6f80000)
  object space 58880K, 28% used [0x0000000084e00000,0x0000000085e3fdc8,0x0000000088780000)
 Metaspace       used 34683K, capacity 35340K, committed 35496K, reserved 1079296K
  class space    used 4655K, capacity 4851K, committed 4864K, reserved 1048576K
}
Event: 11.600 GC heap before
{Heap before GC invocations=8 (full 2):
 PSYoungGen      total 211456K, used 13809K [0x00000000d6f80000, 0x00000000e5380000, 0x0000000100000000)
  eden space 197632K, 0% used [0x00000000d6f80000,0x00000000d6f80000,0x00000000e3080000)
  from space 13824K, 99% used [0x00000000e4100000,0x00000000e4e7c6b0,0x00000000e4e80000)
  to   space 16896K, 0% used [0x00000000e3080000,0x00000000e3080000,0x00000000e4100000)
 ParOldGen       total 58880K, used 16639K [0x0000000084e00000, 0x0000000088780000, 0x00000000d6f80000)
  object space 58880K, 28% used [0x0000000084e00000,0x0000000085e3fdc8,0x0000000088780000)
 Metaspace       used 34683K, capacity 35340K, committed 35496K, reserved 1079296K
  class space    used 4655K, capacity 4851K, committed 4864K, reserved 1048576K

