# JRE version: OpenJDK Runtime Environment (8.0_151-b12) (build 1.8.0_151-8u151-b12-0ubuntu0.16.04.2-b12)
# Java VM: OpenJDK 64-Bit Server VM (25.151-b12 mixed mode linux-amd64 compressed oops)
Heap:
 PSYoungGen      total 68608K, used 63488K [0x00000000d6f80000, 0x00000000e0080000, 0x0000000100000000)
  eden space 63488K, 100% used [0x00000000d6f80000,0x00000000dad80000,0x00000000dad80000)
  from space 5120K, 0% used [0x00000000dad80000,0x00000000dad80000,0x00000000db280000)
  to   space 10752K, 0% used [0x00000000df600000,0x00000000df600000,0x00000000e0080000)
 ParOldGen       total 66560K, used 11331K [0x0000000084e00000, 0x0000000088f00000, 0x00000000d6f80000)
  object space 66560K, 17% used [0x0000000084e00000,0x0000000085910cf8,0x0000000088f00000)
 Metaspace       used 26175K, capacity 26578K, committed 26880K, reserved 1073152K
  class space    used 3584K, capacity 3735K, committed 3840K, reserved 1048576K
GC Heap History (10 events):
Event: 0.805 GC heap before
{Heap before GC invocations=2 (full 0):
 PSYoungGen      total 36864K, used 36671K [0x00000000d6f80000, 0x00000000d9880000, 0x0000000100000000)
  eden space 31744K, 100% used [0x00000000d6f80000,0x00000000d8e80000,0x00000000d8e80000)
  from space 5120K, 96% used [0x00000000d8e80000,0x00000000d934fd70,0x00000000d9380000)
  to   space 5120K, 0% used [0x00000000d9380000,0x00000000d9380000,0x00000000d9880000)
 ParOldGen       total 84992K, used 8K [0x0000000084e00000, 0x000000008a100000, 0x00000000d6f80000)
  object space 84992K, 0% used [0x0000000084e00000,0x0000000084e02000,0x000000008a100000)
 Metaspace       used 10132K, capacity 10424K, committed 10752K, reserved 1058816K
  class space    used 1363K, capacity 1448K, committed 1536K, reserved 1048576K
Event: 0.810 GC heap after
Heap after GC invocations=2 (full 0):
 PSYoungGen      total 36864K, used 4402K [0x00000000d6f80000, 0x00000000db780000, 0x0000000100000000)
  eden space 31744K, 0% used [0x00000000d6f80000,0x00000000d6f80000,0x00000000d8e80000)
  from space 5120K, 85% used [0x00000000d9380000,0x00000000d97cc880,0x00000000d9880000)
  to   space 5120K, 0% used [0x00000000d8e80000,0x00000000d8e80000,0x00000000d9380000)
 ParOldGen       total 84992K, used 16K [0x0000000084e00000, 0x000000008a100000, 0x00000000d6f80000)
  object space 84992K, 0% used [0x0000000084e00000,0x0000000084e04000,0x000000008a100000)
 Metaspace       used 10132K, capacity 10424K, committed 10752K, reserved 1058816K
  class space    used 1363K, capacity 1448K, committed 1536K, reserved 1048576K
}
Event: 1.201 GC heap before
{Heap before GC invocations=3 (full 0):
 PSYoungGen      total 36864K, used 36146K [0x00000000d6f80000, 0x00000000db780000, 0x0000000100000000)
  eden space 31744K, 100% used [0x00000000d6f80000,0x00000000d8e80000,0x00000000d8e80000)
  from space 5120K, 85% used [0x00000000d9380000,0x00000000d97cc880,0x00000000d9880000)
  to   space 5120K, 0% used [0x00000000d8e80000,0x00000000d8e80000,0x00000000d9380000)
 ParOldGen       total 84992K, used 16K [0x0000000084e00000, 0x000000008a100000, 0x00000000d6f80000)
  object space 84992K, 0% used [0x0000000084e00000,0x0000000084e04000,0x000000008a100000)
 Metaspace       used 15606K, capacity 15832K, committed 16128K, reserved 1062912K
  class space    used 2084K, capacity 2184K, committed 2304K, reserved 1048576K
Event: 1.208 GC heap after
Heap after GC invocations=3 (full 0):
 PSYoungGen      total 36864K, used 5104K [0x00000000d6f80000, 0x00000000db780000, 0x0000000100000000)
  eden space 31744K, 0% used [0x00000000d6f80000,0x00000000d6f80000,0x00000000d8e80000)
  from space 5120K, 99% used [0x00000000d8e80000,0x00000000d937c030,0x00000000d9380000)
  to   space 5120K, 0% used [0x00000000db280000,0x00000000db280000,0x00000000db780000)
 ParOldGen       total 84992K, used 3258K [0x0000000084e00000, 0x000000008a100000, 0x00000000d6f80000)
  object space 84992K, 3% used [0x0000000084e00000,0x000000008512eb80,0x000000008a100000)
 Metaspace       used 15606K, capacity 15832K, committed 16128K, reserved 1062912K
  class space    used 2084K, capacity 2184K, committed 2304K, reserved 1048576K
}
Event: 1.589 GC heap before
{Heap before GC invocations=4 (full 0):
 PSYoungGen      total 36864K, used 36848K [0x00000000d6f80000, 0x00000000db780000, 0x0000000100000000)
  eden space 31744K, 100% used [0x00000000d6f80000,0x00000000d8e80000,0x00000000d8e80000)
  from space 5120K, 99% used [0x00000000d8e80000,0x00000000d937c030,0x00000000d9380000)
  to   space 5120K, 0% used [0x00000000db280000,0x00000000db280000,0x00000000db780000)
 ParOldGen       total 84992K, used 3258K [0x0000000084e00000, 0x000000008a100000, 0x00000000d6f80000)
  object space 84992K, 3% used [0x0000000084e00000,0x000000008512eb80,0x000000008a100000)
 Metaspace       used 18940K, capacity 19176K, committed 19584K, reserved 1067008K
  class space    used 2487K, capacity 2571K, committed 2688K, reserved 1048576K
Event: 1.601 GC heap after
Heap after GC invocations=4 (full 0):
 PSYoungGen      total 68608K, used 5104K [0x00000000d6f80000, 0x00000000db780000, 0x0000000100000000)
  eden space 63488K, 0% used [0x00000000d6f80000,0x00000000d6f80000,0x00000000dad80000)
  from space 5120K, 99% used [0x00000000db280000,0x00000000db77c030,0x00000000db780000)
  to   space 5120K, 0% used [0x00000000dad80000,0x00000000dad80000,0x00000000db280000)
 ParOldGen       total 84992K, used 6859K [0x0000000084e00000, 0x000000008a100000, 0x00000000d6f80000)
  object space 84992K, 8% used [0x0000000084e00000,0x00000000854b2c88,0x000000008a100000)
 Metaspace       used 18940K, capacity 19176K, committed 19584K, reserved 1067008K
  class space    used 2487K, capacity 2571K, committed 2688K, reserved 1048576K
}
Event: 1.900 GC heap before
{Heap before GC invocations=5 (full 0):
 PSYoungGen      total 68608K, used 29444K [0x00000000d6f80000, 0x00000000db780000, 0x0000000100000000)
  eden space 63488K, 38% used [0x00000000d6f80000,0x00000000d8745068,0x00000000dad80000)
  from space 5120K, 99% used [0x00000000db280000,0x00000000db77c030,0x00000000db780000)
  to   space 5120K, 0% used [0x00000000dad80000,0x00000000dad80000,0x00000000db280000)
 ParOldGen       total 84992K, used 6859K [0x0000000084e00000, 0x000000008a100000, 0x00000000d6f80000)
  object space 84992K, 8% used [0x0000000084e00000,0x00000000854b2c88,0x000000008a100000)
 Metaspace       used 20937K, capacity 21136K, committed 21296K, reserved 1067008K
  class space    used 2807K, capacity 2901K, committed 2944K, reserved 1048576K
Event: 1.914 GC heap after
Heap after GC invocations=5 (full 0):
 PSYoungGen      total 68608K, used 5108K [0x00000000d6f80000, 0x00000000e0080000, 0x0000000100000000)
  eden space 63488K, 0% used [0x00000000d6f80000,0x00000000d6f80000,0x00000000dad80000)
  from space 5120K, 99% used [0x00000000dad80000,0x00000000db27d040,0x00000000db280000)
  to   space 10752K, 0% used [0x00000000df600000,0x00000000df600000,0x00000000e0080000)
 ParOldGen       total 84992K, used 9729K [0x0000000084e00000, 0x000000008a100000, 0x00000000d6f80000)
  object space 84992K, 11% used [0x0000000084e00000,0x00000000857805f0,0x000000008a100000)
 Metaspace       used 20937K, capacity 21136K, committed 21296K, reserved 1067008K
  class space    used 2807K, capacity 2901K, committed 2944K, reserved 1048576K
}
Event: 1.914 GC heap before
{Heap before GC invocations=6 (full 1):
 PSYoungGen      total 68608K, used 5108K [0x00000000d6f80000, 0x00000000e0080000, 0x0000000100000000)
  eden space 63488K, 0% used [0x00000000d6f80000,0x00000000d6f80000,0x00000000dad80000)
  from space 5120K, 99% used [0x00000000dad80000,0x00000000db27d040,0x00000000db280000)
  to   space 10752K, 0% used [0x00000000df600000,0x00000000df600000,0x00000000e0080000)
 ParOldGen       total 84992K, used 9729K [0x0000000084e00000, 0x000000008a100000, 0x00000000d6f80000)
  object space 84992K, 11% used [0x0000000084e00000,0x00000000857805f0,0x000000008a100000)
 Metaspace       used 20937K, capacity 21136K, committed 21296K, reserved 1067008K
  class space    used 2807K, capacity 2901K, committed 2944K, reserved 1048576K
Event: 1.986 GC heap after
Heap after GC invocations=6 (full 1):
 PSYoungGen      total 68608K, used 0K [0x00000000d6f80000, 0x00000000e0080000, 0x0000000100000000)
  eden space 63488K, 0% used [0x00000000d6f80000,0x00000000d6f80000,0x00000000dad80000)
  from space 5120K, 0% used [0x00000000dad80000,0x00000000dad80000,0x00000000db280000)
  to   space 10752K, 0% used [0x00000000df600000,0x00000000df600000,0x00000000e0080000)
 ParOldGen       total 66560K, used 11331K [0x0000000084e00000, 0x0000000088f00000, 0x00000000d6f80000)
  object space 66560K, 17% used [0x0000000084e00000,0x0000000085910cf8,0x0000000088f00000)
 Metaspace       used 20937K, capacity 21136K, committed 21296K, reserved 1067008K
  class space    used 2807K, capacity 2901K, committed 2944K, reserved 1048576K
}

