# JRE version: OpenJDK Runtime Environment (8.0_151-b12) (build 1.8.0_151-8u151-b12-0ubuntu0.16.04.2-b12)
# Java VM: OpenJDK 64-Bit Server VM (25.151-b12 mixed mode linux-amd64 compressed oops)
Heap:
 PSYoungGen      total 327168K, used 93436K [0x00000000d6f80000, 0x00000000ed580000, 0x0000000100000000)
  eden space 300032K, 25% used [0x00000000d6f80000,0x00000000dba76270,0x00000000e9480000)
  from space 27136K, 61% used [0x00000000ebb00000,0x00000000ecb48ea0,0x00000000ed580000)
  to   space 33280K, 0% used [0x00000000e9480000,0x00000000e9480000,0x00000000eb500000)
 ParOldGen       total 177664K, used 68596K [0x0000000084e00000, 0x000000008fb80000, 0x00000000d6f80000)
  object space 177664K, 38% used [0x0000000084e00000,0x00000000890fd0a0,0x000000008fb80000)
 Metaspace       used 69854K, capacity 72388K, committed 72704K, reserved 1112064K
  class space    used 8641K, capacity 9144K, committed 9216K, reserved 1048576K
GC Heap History (10 events):
Event: 33.063 GC heap before
{Heap before GC invocations=17 (full 2):
 PSYoungGen      total 230400K, used 94053K [0x00000000d6f80000, 0x00000000e7b00000, 0x0000000100000000)
  eden space 196096K, 34% used [0x00000000d6f80000,0x00000000db0e6640,0x00000000e2f00000)
  from space 34304K, 78% used [0x00000000e5300000,0x00000000e6d73030,0x00000000e7480000)
  to   space 36864K, 0% used [0x00000000e2f00000,0x00000000e2f00000,0x00000000e5300000)
 ParOldGen       total 105984K, used 53522K [0x0000000084e00000, 0x000000008b580000, 0x00000000d6f80000)
  object space 105984K, 50% used [0x0000000084e00000,0x0000000088244b10,0x000000008b580000)
 Metaspace       used 56700K, capacity 59028K, committed 59136K, reserved 1099776K
  class space    used 7361K, capacity 7852K, committed 7936K, reserved 1048576K
Event: 33.126 GC heap after
Heap after GC invocations=17 (full 2):
 PSYoungGen      total 232960K, used 24127K [0x00000000d6f80000, 0x00000000eb580000, 0x0000000100000000)
  eden space 196096K, 0% used [0x00000000d6f80000,0x00000000d6f80000,0x00000000e2f00000)
  from space 36864K, 65% used [0x00000000e2f00000,0x00000000e468fd20,0x00000000e5300000)
  to   space 37888K, 0% used [0x00000000e9080000,0x00000000e9080000,0x00000000eb580000)
 ParOldGen       total 105984K, used 53530K [0x0000000084e00000, 0x000000008b580000, 0x00000000d6f80000)
  object space 105984K, 50% used [0x0000000084e00000,0x0000000088246b10,0x000000008b580000)
 Metaspace       used 56700K, capacity 59028K, committed 59136K, reserved 1099776K
  class space    used 7361K, capacity 7852K, committed 7936K, reserved 1048576K
}
Event: 33.126 GC heap before
{Heap before GC invocations=18 (full 3):
 PSYoungGen      total 232960K, used 24127K [0x00000000d6f80000, 0x00000000eb580000, 0x0000000100000000)
  eden space 196096K, 0% used [0x00000000d6f80000,0x00000000d6f80000,0x00000000e2f00000)
  from space 36864K, 65% used [0x00000000e2f00000,0x00000000e468fd20,0x00000000e5300000)
  to   space 37888K, 0% used [0x00000000e9080000,0x00000000e9080000,0x00000000eb580000)
 ParOldGen       total 105984K, used 53530K [0x0000000084e00000, 0x000000008b580000, 0x00000000d6f80000)
  object space 105984K, 50% used [0x0000000084e00000,0x0000000088246b10,0x000000008b580000)
 Metaspace       used 56700K, capacity 59028K, committed 59136K, reserved 1099776K
  class space    used 7361K, capacity 7852K, committed 7936K, reserved 1048576K
Event: 33.566 GC heap after
Heap after GC invocations=18 (full 3):
 PSYoungGen      total 232960K, used 0K [0x00000000d6f80000, 0x00000000eb580000, 0x0000000100000000)
  eden space 196096K, 0% used [0x00000000d6f80000,0x00000000d6f80000,0x00000000e2f00000)
  from space 36864K, 0% used [0x00000000e2f00000,0x00000000e2f00000,0x00000000e5300000)
  to   space 37888K, 0% used [0x00000000e9080000,0x00000000e9080000,0x00000000eb580000)
 ParOldGen       total 177664K, used 68572K [0x0000000084e00000, 0x000000008fb80000, 0x00000000d6f80000)
  object space 177664K, 38% used [0x0000000084e00000,0x00000000890f70a0,0x000000008fb80000)
 Metaspace       used 56700K, capacity 59028K, committed 59136K, reserved 1099776K
  class space    used 7361K, capacity 7852K, committed 7936K, reserved 1048576K
}
Event: 38.809 GC heap before
{Heap before GC invocations=19 (full 3):
 PSYoungGen      total 232960K, used 196096K [0x00000000d6f80000, 0x00000000eb580000, 0x0000000100000000)
  eden space 196096K, 100% used [0x00000000d6f80000,0x00000000e2f00000,0x00000000e2f00000)
  from space 36864K, 0% used [0x00000000e2f00000,0x00000000e2f00000,0x00000000e5300000)
  to   space 37888K, 0% used [0x00000000e9080000,0x00000000e9080000,0x00000000eb580000)
 ParOldGen       total 177664K, used 68572K [0x0000000084e00000, 0x000000008fb80000, 0x00000000d6f80000)
  object space 177664K, 38% used [0x0000000084e00000,0x00000000890f70a0,0x000000008fb80000)
 Metaspace       used 68500K, capacity 70918K, committed 71040K, reserved 1112064K
  class space    used 8565K, capacity 9037K, committed 9088K, reserved 1048576K
Event: 38.833 GC heap after
Heap after GC invocations=19 (full 3):
 PSYoungGen      total 288768K, used 15762K [0x00000000d6f80000, 0x00000000eb000000, 0x0000000100000000)
  eden space 256512K, 0% used [0x00000000d6f80000,0x00000000d6f80000,0x00000000e6a00000)
  from space 32256K, 48% used [0x00000000e9080000,0x00000000e9fe4b38,0x00000000eb000000)
  to   space 35840K, 0% used [0x00000000e6a00000,0x00000000e6a00000,0x00000000e8d00000)
 ParOldGen       total 177664K, used 68580K [0x0000000084e00000, 0x000000008fb80000, 0x00000000d6f80000)
  object space 177664K, 38% used [0x0000000084e00000,0x00000000890f90a0,0x000000008fb80000)
 Metaspace       used 68500K, capacity 70918K, committed 71040K, reserved 1112064K
  class space    used 8565K, capacity 9037K, committed 9088K, reserved 1048576K
}
Event: 42.696 GC heap before
{Heap before GC invocations=20 (full 3):
 PSYoungGen      total 288768K, used 272274K [0x00000000d6f80000, 0x00000000eb000000, 0x0000000100000000)
  eden space 256512K, 100% used [0x00000000d6f80000,0x00000000e6a00000,0x00000000e6a00000)
  from space 32256K, 48% used [0x00000000e9080000,0x00000000e9fe4b38,0x00000000eb000000)
  to   space 35840K, 0% used [0x00000000e6a00000,0x00000000e6a00000,0x00000000e8d00000)
 ParOldGen       total 177664K, used 68580K [0x0000000084e00000, 0x000000008fb80000, 0x00000000d6f80000)
  object space 177664K, 38% used [0x0000000084e00000,0x00000000890f90a0,0x000000008fb80000)
 Metaspace       used 68998K, capacity 71570K, committed 71936K, reserved 1112064K
  class space    used 8599K, capacity 9099K, committed 9216K, reserved 1048576K
Event: 42.737 GC heap after
Heap after GC invocations=20 (full 3):
 PSYoungGen      total 292352K, used 18971K [0x00000000d6f80000, 0x00000000edd00000, 0x0000000100000000)
  eden space 256512K, 0% used [0x00000000d6f80000,0x00000000d6f80000,0x00000000e6a00000)
  from space 35840K, 52% used [0x00000000e6a00000,0x00000000e7c86d30,0x00000000e8d00000)
  to   space 34816K, 0% used [0x00000000ebb00000,0x00000000ebb00000,0x00000000edd00000)
 ParOldGen       total 177664K, used 68588K [0x0000000084e00000, 0x000000008fb80000, 0x00000000d6f80000)
  object space 177664K, 38% used [0x0000000084e00000,0x00000000890fb0a0,0x000000008fb80000)
 Metaspace       used 68998K, capacity 71570K, committed 71936K, reserved 1112064K
  class space    used 8599K, capacity 9099K, committed 9216K, reserved 1048576K
}
Event: 48.778 GC heap before
{Heap before GC invocations=21 (full 3):
 PSYoungGen      total 292352K, used 275483K [0x00000000d6f80000, 0x00000000edd00000, 0x0000000100000000)
  eden space 256512K, 100% used [0x00000000d6f80000,0x00000000e6a00000,0x00000000e6a00000)
  from space 35840K, 52% used [0x00000000e6a00000,0x00000000e7c86d30,0x00000000e8d00000)
  to   space 34816K, 0% used [0x00000000ebb00000,0x00000000ebb00000,0x00000000edd00000)
 ParOldGen       total 177664K, used 68588K [0x0000000084e00000, 0x000000008fb80000, 0x00000000d6f80000)
  object space 177664K, 38% used [0x0000000084e00000,0x00000000890fb0a0,0x000000008fb80000)
 Metaspace       used 69700K, capacity 72302K, committed 72448K, reserved 1112064K
  class space    used 8639K, capacity 9141K, committed 9216K, reserved 1048576K
Event: 48.831 GC heap after
Heap after GC invocations=21 (full 3):
 PSYoungGen      total 327168K, used 16675K [0x00000000d6f80000, 0x00000000ed580000, 0x0000000100000000)
  eden space 300032K, 0% used [0x00000000d6f80000,0x00000000d6f80000,0x00000000e9480000)
  from space 27136K, 61% used [0x00000000ebb00000,0x00000000ecb48ea0,0x00000000ed580000)
  to   space 33280K, 0% used [0x00000000e9480000,0x00000000e9480000,0x00000000eb500000)
 ParOldGen       total 177664K, used 68596K [0x0000000084e00000, 0x000000008fb80000, 0x00000000d6f80000)
  object space 177664K, 38% used [0x0000000084e00000,0x00000000890fd0a0,0x000000008fb80000)
 Metaspace       used 69700K, capacity 72302K, committed 72448K, reserved 1112064K
  class space    used 8639K, capacity 9141K, committed 9216K, reserved 1048576K
}

